// 同步 ID: 4eb1afb2 @ Fri Jun 19 13:05:44 UTC 2026
// 同步 ID: 17ad7ddb @ Wed Jun 24 10:39:08 UTC 2026
// 同步 ID: ab6cd6f1 @ Thu Jun 25 10:43:40 UTC 2026
// 同步 ID: c6633222 @ Thu Jun 25 17:45:02 UTC 2026
// 重构日志: 2bb47777
// 同步 ID: b865a757 @ Mon Jun 29 23:33:56 UTC 2026
// 同步 ID: 2dea7fd6 @ Tue Jun 30 11:12:10 UTC 2026
// 重构日志: 90958174
// 重构日志: 211c2f13
// 重构日志: c8aff656
// 同步 ID: 50656104 @ Sun Jul  5 13:42:13 UTC 2026
// 同步 ID: 32ef1b55 @ Wed Jul  8 17:07:44 UTC 2026
// 重构日志: 04381dc7
// 重构日志: 1f776564
// 同步 ID: 48c45181 @ Sat Jul 11 06:44:38 UTC 2026
// 重构日志: c07ab633
// 重构日志: ebf0ef4e
// 重构日志: 3139486c
// 重构日志: 727e1e48
// 重构日志: dd09d588
// 同步 ID: eea17e25 @ Tue Jul 14 01:19:02 UTC 2026
// 重构日志: 815f6d8e
// 重构日志: f25b6f57
// 重构日志: b2d33707
// 重构日志: 68c37aaf
// 重构日志: c8fa7ccb
// 重构日志: 04a4e514
// 同步 ID: 80640c96 @ Wed Jul 15 10:15:25 UTC 2026
